<?xml version="1.0" encoding="UTF-8"?>
<!-- Generated by org.testng.reporters.JUnitXMLReporter -->
<testsuite ignored="15" hostname="DESKTOP-J5DL5AU" failures="4" tests="7" name="Test" time="28.47" errors="0" timestamp="2024-07-03T08:35:50 IST">
  <testcase classname="basics.DatatProviderrr" name="search" time="0.026">
    <failure type="java.lang.NullPointerException" message="Cannot invoke &amp;quot;org.openqa.selenium.WebDriver.get(String)&amp;quot; because &amp;quot;this.driver&amp;quot; is null">
      <![CDATA[java.lang.NullPointerException: Cannot invoke "org.openqa.selenium.WebDriver.get(String)" because "this.driver" is null
at basics.DatatProviderrr.search(DatatProviderrr.java:36)
at java.base/java.util.ArrayList.forEach(ArrayList.java:1511)
... Removed 27 stack frames]]>
    </failure>
  </testcase> <!-- search -->
  <testcase classname="basics.DatatProviderrr" name="search" time="0.017">
    <failure type="java.lang.NullPointerException" message="Cannot invoke &amp;quot;org.openqa.selenium.WebDriver.get(String)&amp;quot; because &amp;quot;this.driver&amp;quot; is null">
      <![CDATA[java.lang.NullPointerException: Cannot invoke "org.openqa.selenium.WebDriver.get(String)" because "this.driver" is null
at basics.DatatProviderrr.search(DatatProviderrr.java:36)
at java.base/java.util.ArrayList.forEach(ArrayList.java:1511)
... Removed 27 stack frames]]>
    </failure>
  </testcase> <!-- search -->
  <testcase classname="basics.DatatProviderrr" name="search" time="0.019">
    <failure type="java.lang.NullPointerException" message="Cannot invoke &amp;quot;org.openqa.selenium.WebDriver.get(String)&amp;quot; because &amp;quot;this.driver&amp;quot; is null">
      <![CDATA[java.lang.NullPointerException: Cannot invoke "org.openqa.selenium.WebDriver.get(String)" because "this.driver" is null
at basics.DatatProviderrr.search(DatatProviderrr.java:36)
at java.base/java.util.ArrayList.forEach(ArrayList.java:1511)
... Removed 27 stack frames]]>
    </failure>
  </testcase> <!-- search -->
  <testcase classname="basics.Assertionsss" name="launch" time="22.245"/>
  <testcase classname="basics.Assertionsss" name="navigatelink" time="5.359"/>
  <testcase classname="basics.Assertionsss" name="pagetitle" time="0.346">
    <failure type="java.lang.AssertionError" message="The following asserts failed:
	expected [ Store: Buy Electronics products Online at Best Prices in India at Amazon.in] but found [Amazon.in: Amazon Prime - 30 Day FREE Trial]">
      <![CDATA[java.lang.AssertionError: The following asserts failed:
expected [ Store: Buy Electronics products Online at Best Prices in India at Amazon.in] but found [Amazon.in: Amazon Prime - 30 Day FREE Trial]
at basics.Assertionsss.pagetitle(Assertionsss.java:37)
at java.base/java.util.ArrayList.forEach(ArrayList.java:1511)
... Removed 29 stack frames]]>
    </failure>
  </testcase> <!-- pagetitle -->
  <testcase classname="basics.Assertionsss" name="mycurrenturl" time="0.046"/>
  <testcase classname="takescreenshots.DemoListener" name="OpenSite" time="0.0">
    <ignored/>
  </testcase> <!-- OpenSite -->
  <testcase classname="basics.Basci2" name="login" time="0.0">
    <ignored/>
  </testcase> <!-- login -->
  <testcase classname="basics.Basci2" name="Register" time="0.0">
    <ignored/>
  </testcase> <!-- Register -->
  <testcase classname="retrysingletest.RetryOnlyFailedTests" name="test1" time="0.0">
    <ignored/>
  </testcase> <!-- test1 -->
  <testcase classname="basics.Basic" name="a" time="0.0">
    <ignored/>
  </testcase> <!-- a -->
  <testcase classname="basics.Basic" name="c" time="0.0">
    <ignored/>
  </testcase> <!-- c -->
  <testcase classname="takescreenshots.DemoListener" name="clickOnAdvanceJavaLink" time="0.0">
    <ignored/>
  </testcase> <!-- clickOnAdvanceJavaLink -->
  <testcase classname="basics.Basic" name="b" time="0.0">
    <ignored/>
  </testcase> <!-- b -->
  <testcase classname="basics.OrderOfExceution" name="pagetitle" time="0.0">
    <ignored/>
  </testcase> <!-- pagetitle -->
  <testcase classname="retrysingletest.RetryOnlyFailedTests" name="test3" time="0.0">
    <ignored/>
  </testcase> <!-- test3 -->
  <testcase classname="retrysingletest.RetryOnlyFailedTests" name="test2" time="0.0">
    <ignored/>
  </testcase> <!-- test2 -->
  <testcase classname="takescreenshots.DemoListener" name="testToFail" time="0.0">
    <ignored/>
  </testcase> <!-- testToFail -->
  <testcase classname="basics.OrderOfExceution" name="mycurrenturl" time="0.0">
    <ignored/>
  </testcase> <!-- mycurrenturl -->
  <testcase classname="basics.OrderOfExceution" name="launch" time="0.0">
    <ignored/>
  </testcase> <!-- launch -->
  <testcase classname="basics.OrderOfExceution" name="navigatelink" time="0.0">
    <ignored/>
  </testcase> <!-- navigatelink -->
</testsuite> <!-- Test -->
